<?xml version="1.0" encoding="UTF-8"?>
<!-- Generated by org.testng.reporters.JUnitReportReporter -->
<testsuite hostname="Sanjai" failures="0" tests="8" name="com.test.ApplicationUnderTest" time="116.399" errors="0" timestamp="2023-10-25T09:15:33 IST" skipped="0">
  <testcase classname="com.test.ApplicationUnderTest" name="login" time="7.293"/>
  <system-out/>
  <testcase classname="com.test.ApplicationUnderTest" name="dashboard" time="16.941"/>
  <system-out/>
  <testcase classname="com.test.ApplicationUnderTest" name="registerPatient" time="1.651"/>
  <system-out/>
  <testcase classname="com.test.ApplicationUnderTest" name="patientDetails" time="12.748"/>
  <system-out/>
  <testcase classname="com.test.ApplicationUnderTest" name="startVisit" time="41.393"/>
  <system-out/>
  <testcase classname="com.test.ApplicationUnderTest" name="captureVitals" time="28.737"/>
  <system-out/>
  <testcase classname="com.test.ApplicationUnderTest" name="mergeVisit" time="7.373"/>
  <system-out/>
  <testcase classname="com.test.ApplicationUnderTest" name="deletePatient" time="0.263"/>
  <system-out/>
</testsuite> <!-- com.test.ApplicationUnderTest -->
